<?xml version="1.0" encoding="UTF-8"?>
<testsuite name="SILab2Test" tests="2" skipped="0" failures="0" errors="0" timestamp="2022-06-01T15:48:23" hostname="DESKTOP-TEA" time="0.003">
  <properties/>
  <testcase name="functionEveryStatement" classname="SILab2Test" time="0.003"/>
  <testcase name="functionEveryPath" classname="SILab2Test" time="0.0"/>
  <system-out><![CDATA[]]></system-out>
  <system-err><![CDATA[]]></system-err>
</testsuite>
